WARNING: You're using the Ruby-based MySQL library that ships with Rails. This library is not suited for production. Please install the C-based MySQL library instead (gem install mysql).
  [4;36;1mSQL (0.000000)[0m   [0;1mSET NAMES 'utf8'[0m
  [4;35;1mSQL (0.000000)[0m   [0mSET SQL_AUTO_IS_NULL=0[0m
  [4;36;1mInstrument Columns (0.005000)[0m   [0;1mSHOW FIELDS FROM `instruments`[0m


Processing InstrumentController#index (for 127.0.0.1 at 2008-01-13 01:35:10) [GET]
  Session ID: BAh7HiISYXM6aXRlbV91c2FnZXsGOglsaXN0ewAiKGFzOmViYzE2ZTQ5NWE2%0AYWNjZDM4OWYzMzhlNWJiNDQ1MDA3ewg6EGNvbnN0cmFpbnRzewY6D2luc3Ry%0AdW1lbnQiBjI6D2NvbmRpdGlvbnMwOwB7BjoKbGFiZWwiIEluc3RydW1lbnQg%0AVmVyc2lvbnMgZm9yIFBIUSIoYXM6NDgxYjZjYjgyZjFlNjAxZDI5MmEwYzZm%0AN2RkNTRlYzl7CDsGewY6F2luc3RydW1lbnRfdmVyc2lvbiIGMjsIMDsAewY7%0ACSIgSW5zdHJ1bWVudCBTZXNzaW9ucyBmb3IgMi40IihhczplNzY3ZWYzMTMx%0AY2NhN2EzZDkyN2M4NGQ5MGQyYzFjM3sIOwZ7BjsKIgYyOwgwOwB7BjsJIiBJ%0AbnN0cnVtZW50IENvbnRlbnRzIGZvciAyLjQiKGFzOmY1Mzk0NzBlZmQ3OTRk%0ANjQyNDhhNGU1NDY1MjE4NDc5ewg7BnsGOwoiBjE7CDA7AHsGOwkiIEluc3Ry%0AdW1lbnQgU2Vzc2lvbnMgZm9yIDIuMSISYXM6aW5zdHJ1bWVudHsGOwB7ADoM%0AY3NyZl9pZCIlZTRmNTc1NzBiZDI3N2E1ODBiODFlMmQ0MDBjMmRiZmUiEmFz%0AOkluc3RydW1lbnR7BjsAewAiKGFzOmM4NjgyZGRiOTlhZTU5NzdjNzY5NmRi%0AMDBiYzkwYjMzewg7BnsGOhdpbnN0cnVtZW50X3Nlc3Npb24iBjI7CDA7AHsG%0AOwkiM1BhZ2UgVXNhZ2VzIGZvciBTYXQgSmFuIDEyIDA5OjM3OjQ3IC0wNTAw%0AIDIwMDgiFWFzOmRpYWxvZ2l4X3VzZXJ7BjsAewYiCXBhZ2VpBiIaYXM6bG9p%0AbmNfaXRlbV9yZXF1ZXN0ewY7AHsGIglwYWdlaQYiKGFzOmM2NzBmMjQwNGRl%0AYzYwMDk1MjEzYzIyMTg5ZGRhOTFjewg7BnsGOwoiBjM7CDA7AHsGOwkiIElu%0Ac3RydW1lbnQgQ29udGVudHMgZm9yIDEuMCIYYXM6YW5zd2VyX2xvY2FsaXpl%0AZHsGOwB7BiIJcGFnZTAiDmFzOmFuc3dlcnsGOwB7ACIoYXM6NzY4Mzg4ZjBh%0ANDcwMTRmMTljNjdkOTdhM2MzZjhkMDh7CDsGewY6D3BhZ2VfdXNhZ2UiBzEz%0AOwgwOwB7BjsJIjdQYWdlIFVzYWdlIEV2ZW50cyBmb3IgIyZsdDtQYWdlVXNh%0AZ2U6MHg0NDQ0NmE4Jmd0OyIoYXM6ZjRmOGU4ZjU3MmJmZTk0NDdiYmE5ZWRh%0AODc2MjI3MjR7CDsGewY7DCIGMjsIMDsAewY7CSIzSXRlbSBVc2FnZXMgZm9y%0AIFNhdCBKYW4gMTIgMDk6Mzc6NDcgLTA1MDAgMjAwOCISYXM6cGFnZV91c2Fn%0AZXsGOwB7ACIoYXM6OTNmYTY2NDA3MmViZDQ1YzRiMmI3YWM1MzkzNzZhZmZ7%0ACDsGewY7DSIGNzsIMDsAewY7CSI3UGFnZSBVc2FnZSBFdmVudHMgZm9yICMm%0AbHQ7UGFnZVVzYWdlOjB4NDc0NGQ4MCZndDsiGmFzOmluc3RydW1lbnRfdmVy%0Ac2lvbnsGOwB7ACIaYXM6aW5zdHJ1bWVudF9jb250ZW50ewY7AHsGIglwYWdl%0AIgY1IgpmbGFzaElDOidBY3Rpb25Db250cm9sbGVyOjpGbGFzaDo6Rmxhc2hI%0AYXNoewAGOgpAdXNlZHsAIihhczo1NzhhNjllMGEzMmVlMzEwNTNlODAxOWUw%0AOThhMGM2MHsIOwgwOwZ7BjsHIgYxOwB7BjsJIjdJbnN0cnVtZW50IFZlcnNp%0Ab25zIGZvciBFbmdsaXNoUnVzc2lhbkZyZW5jaEhlYnJldyIMYXM6aXRlbXsG%0AOwB7ACIoYXM6YjBhYjk1OWE4NzQwNjA1YzFiZGUzZDM3NzhhZDQ1NzN7CDsG%0AewY7DSIGMjsIMDsAewY7CSI3UGFnZSBVc2FnZSBFdmVudHMgZm9yICMmbHQ7%0AUGFnZVVzYWdlOjB4NDUzMDdjNCZndDsiGmFzOmluc3RydW1lbnRfc2Vzc2lv%0AbnsGOwB7ByIJc29ydFsHIhJjdXJyZW50X2dyb3VwIglERVNDIglwYWdlIgYx--a28795315e74c7f2bfa5b516df787909848f7720
  Parameters: {"action"=>"index", "controller"=>"Instrument"}
  [4;35;1mSQL (0.001000)[0m   [0mSELECT count(DISTINCT `instruments`.instrument_id) AS count_all FROM `instruments` LEFT OUTER JOIN `instrument_versions` ON instrument_versions.instrument_id = instruments.instrument_id [0m
  [4;36;1mInstrumentVersion Columns (0.006000)[0m   [0;1mSHOW FIELDS FROM `instrument_versions`[0m
  [4;35;1mInstrument Load IDs For Limited Eager Loading (0.001000)[0m   [0mSELECT instrument_id FROM `instruments` ORDER BY instruments.`name` ASC LIMIT 0, 15[0m
  [4;36;1mInstrument Load Including Associations (0.002000)[0m   [0;1mSELECT `instruments`.`instrument_id` AS t0_r0, `instruments`.`instrument_description` AS t0_r1, `instruments`.`name` AS t0_r2, `instrument_versions`.`instrument_version_id` AS t1_r0, `instrument_versions`.`loinc_num` AS t1_r1, `instrument_versions`.`creation_time_stamp` AS t1_r2, `instrument_versions`.`name` AS t1_r3, `instrument_versions`.`instrument_version_file_name` AS t1_r4, `instrument_versions`.`instrument_status` AS t1_r5, `instrument_versions`.`has_loinc_code` AS t1_r6, `instrument_versions`.`instrument_notes` AS t1_r7, `instrument_versions`.`instrument_id` AS t1_r8, `instrument_versions`.`instrument_hash_id` AS t1_r9 FROM `instruments` LEFT OUTER JOIN `instrument_versions` ON instrument_versions.instrument_id = instruments.instrument_id WHERE `instruments`.instrument_id IN (1, 2) ORDER BY instruments.`name` ASC[0m
Rendering template within layouts/application
Rendering instrument/list
Rendered instrument/_list_header (0.00800)
Rendered instrument/_list_column_headings (0.01000)
Rendered instrument/_messages (0.00900)
Rendered instrument/_list_actions (0.00600)
Rendered instrument/_list_record (0.02000)
Rendered instrument/_list_actions (0.00500)
Rendered instrument/_list_record (0.01500)
Rendered instrument/_list (0.08200)
Completed in 0.16000 (6 reqs/sec) | Rendering: 0.13100 (81%) | DB: 0.01500 (9%) | 200 OK [http://localhost/]
  [4;35;1mInstrument Columns (0.005000)[0m   [0mSHOW FIELDS FROM `instruments`[0m


Processing InstrumentController#nested (for 127.0.0.1 at 2008-01-13 01:35:17) [GET]
  Session ID: BAh7HiIoYXM6ZWJjMTZlNDk1YTZhY2NkMzg5ZjMzOGU1YmI0NDUwMDd7CDoP%0AY29uZGl0aW9uczA6EGNvbnN0cmFpbnRzewY6D2luc3RydW1lbnQiBjI6CWxp%0Ac3R7BjoKbGFiZWwiIEluc3RydW1lbnQgVmVyc2lvbnMgZm9yIFBIUSISYXM6%0AaXRlbV91c2FnZXsGOwh7ACIoYXM6NDgxYjZjYjgyZjFlNjAxZDI5MmEwYzZm%0AN2RkNTRlYzl7CDsAMDsGewY6F2luc3RydW1lbnRfdmVyc2lvbiIGMjsIewY7%0ACSIgSW5zdHJ1bWVudCBTZXNzaW9ucyBmb3IgMi40IihhczplNzY3ZWYzMTMx%0AY2NhN2EzZDkyN2M4NGQ5MGQyYzFjM3sIOwAwOwZ7BjsKIgYyOwh7BjsJIiBJ%0AbnN0cnVtZW50IENvbnRlbnRzIGZvciAyLjQiGmFzOmxvaW5jX2l0ZW1fcmVx%0AdWVzdHsGOwh7BiIJcGFnZWkGIhVhczpkaWFsb2dpeF91c2VyewY7CHsGIglw%0AYWdlaQYiKGFzOmM4NjgyZGRiOTlhZTU5NzdjNzY5NmRiMDBiYzkwYjMzewg7%0AADA7BnsGOhdpbnN0cnVtZW50X3Nlc3Npb24iBjI7CHsGOwkiM1BhZ2UgVXNh%0AZ2VzIGZvciBTYXQgSmFuIDEyIDA5OjM3OjQ3IC0wNTAwIDIwMDgiEmFzOklu%0Ac3RydW1lbnR7BjsIewA6DGNzcmZfaWQiJWU0ZjU3NTcwYmQyNzdhNTgwYjgx%0AZTJkNDAwYzJkYmZlIhJhczppbnN0cnVtZW50ewY7CHsAIihhczpmNTM5NDcw%0AZWZkNzk0ZDY0MjQ4YTRlNTQ2NTIxODQ3OXsIOwAwOwZ7BjsKIgYxOwh7BjsJ%0AIiBJbnN0cnVtZW50IFNlc3Npb25zIGZvciAyLjEiKGFzOmM2NzBmMjQwNGRl%0AYzYwMDk1MjEzYzIyMTg5ZGRhOTFjewg7ADA7BnsGOwoiBjM7CHsGOwkiIElu%0Ac3RydW1lbnQgQ29udGVudHMgZm9yIDEuMCIOYXM6YW5zd2VyewY7CHsAIhhh%0AczphbnN3ZXJfbG9jYWxpemVkewY7CHsGIglwYWdlMCISYXM6cGFnZV91c2Fn%0AZXsGOwh7ACIoYXM6ZjRmOGU4ZjU3MmJmZTk0NDdiYmE5ZWRhODc2MjI3MjR7%0ACDsAMDsGewY7CyIGMjsIewY7CSIzSXRlbSBVc2FnZXMgZm9yIFNhdCBKYW4g%0AMTIgMDk6Mzc6NDcgLTA1MDAgMjAwOCIoYXM6NzY4Mzg4ZjBhNDcwMTRmMTlj%0ANjdkOTdhM2MzZjhkMDh7CDsAMDsGewY6D3BhZ2VfdXNhZ2UiBzEzOwh7BjsJ%0AIjdQYWdlIFVzYWdlIEV2ZW50cyBmb3IgIyZsdDtQYWdlVXNhZ2U6MHg0NDQ0%0ANmE4Jmd0OyIaYXM6aW5zdHJ1bWVudF92ZXJzaW9uewY7CHsAIihhczo5M2Zh%0ANjY0MDcyZWJkNDVjNGIyYjdhYzUzOTM3NmFmZnsIOwAwOwZ7BjsNIgY3Owh7%0ABjsJIjdQYWdlIFVzYWdlIEV2ZW50cyBmb3IgIyZsdDtQYWdlVXNhZ2U6MHg0%0ANzQ0ZDgwJmd0OyIMYXM6aXRlbXsGOwh7ACIoYXM6NTc4YTY5ZTBhMzJlZTMx%0AMDUzZTgwMTllMDk4YTBjNjB7CDsGewY7ByIGMTsAMDsIewY7CSI3SW5zdHJ1%0AbWVudCBWZXJzaW9ucyBmb3IgRW5nbGlzaFJ1c3NpYW5GcmVuY2hIZWJyZXci%0ACmZsYXNoSUM6J0FjdGlvbkNvbnRyb2xsZXI6OkZsYXNoOjpGbGFzaEhhc2h7%0AAAY6CkB1c2VkewAiGmFzOmluc3RydW1lbnRfY29udGVudHsGOwh7BiIJcGFn%0AZSIGNSIaYXM6aW5zdHJ1bWVudF9zZXNzaW9uewY7CHsHIglwYWdlIgYxIglz%0Ab3J0WwciEmN1cnJlbnRfZ3JvdXAiCURFU0MiKGFzOmIwYWI5NTlhODc0MDYw%0ANWMxYmRlM2QzNzc4YWQ0NTczewg7ADA7BnsGOw0iBjI7CHsGOwkiN1BhZ2Ug%0AVXNhZ2UgRXZlbnRzIGZvciAjJmx0O1BhZ2VVc2FnZToweDQ1MzA3YzQmZ3Q7--58722b48505d5c976fd357c9d7bb75d7f46600d1
  Parameters: {"associations"=>"instrument_versions", "adapter"=>"_list_inline_adapter", "_method"=>"get", "action"=>"nested", "id"=>"1", "controller"=>"instrument"}
  [4;36;1mInstrument Load (0.000000)[0m   [0;1mSELECT * FROM `instruments` WHERE (`instruments`.`instrument_id` = 1) [0m
  [4;35;1mInstrumentVersion Columns (0.006000)[0m   [0mSHOW FIELDS FROM `instrument_versions`[0m
  [4;36;1mSQL (0.003000)[0m   [0;1mSHOW TABLES[0m
Start rendering component ({:controller=>"instrument_version", :params=>{:nested=>true, :eid=>"578a69e0a32ee31053e8019e098a0c60", :parent_model=>Instrument(instrument_id: integer, instrument_description: text, name: string), :parent_column=>"instrument_versions"}, :action=>"table"}): 


Processing InstrumentVersionController#table (for 127.0.0.1 at 2008-01-13 01:35:17) [GET]
  Session ID: BAh7HiIoYXM6ZWJjMTZlNDk1YTZhY2NkMzg5ZjMzOGU1YmI0NDUwMDd7CDoP%0AY29uZGl0aW9uczA6EGNvbnN0cmFpbnRzewY6D2luc3RydW1lbnQiBjI6CWxp%0Ac3R7BjoKbGFiZWwiIEluc3RydW1lbnQgVmVyc2lvbnMgZm9yIFBIUSISYXM6%0AaXRlbV91c2FnZXsGOwh7ACIoYXM6NDgxYjZjYjgyZjFlNjAxZDI5MmEwYzZm%0AN2RkNTRlYzl7CDsAMDsGewY6F2luc3RydW1lbnRfdmVyc2lvbiIGMjsIewY7%0ACSIgSW5zdHJ1bWVudCBTZXNzaW9ucyBmb3IgMi40IihhczplNzY3ZWYzMTMx%0AY2NhN2EzZDkyN2M4NGQ5MGQyYzFjM3sIOwAwOwZ7BjsKIgYyOwh7BjsJIiBJ%0AbnN0cnVtZW50IENvbnRlbnRzIGZvciAyLjQiGmFzOmxvaW5jX2l0ZW1fcmVx%0AdWVzdHsGOwh7BiIJcGFnZWkGIhVhczpkaWFsb2dpeF91c2VyewY7CHsGIglw%0AYWdlaQYiKGFzOmM4NjgyZGRiOTlhZTU5NzdjNzY5NmRiMDBiYzkwYjMzewg7%0AADA7BnsGOhdpbnN0cnVtZW50X3Nlc3Npb24iBjI7CHsGOwkiM1BhZ2UgVXNh%0AZ2VzIGZvciBTYXQgSmFuIDEyIDA5OjM3OjQ3IC0wNTAwIDIwMDgiEmFzOklu%0Ac3RydW1lbnR7BjsIewA6DGNzcmZfaWQiJWU0ZjU3NTcwYmQyNzdhNTgwYjgx%0AZTJkNDAwYzJkYmZlIhJhczppbnN0cnVtZW50ewY7CHsAIihhczpmNTM5NDcw%0AZWZkNzk0ZDY0MjQ4YTRlNTQ2NTIxODQ3OXsIOwAwOwZ7BjsKIgYxOwh7BjsJ%0AIiBJbnN0cnVtZW50IFNlc3Npb25zIGZvciAyLjEiKGFzOmM2NzBmMjQwNGRl%0AYzYwMDk1MjEzYzIyMTg5ZGRhOTFjewg7ADA7BnsGOwoiBjM7CHsGOwkiIElu%0Ac3RydW1lbnQgQ29udGVudHMgZm9yIDEuMCIOYXM6YW5zd2VyewY7CHsAIhhh%0AczphbnN3ZXJfbG9jYWxpemVkewY7CHsGIglwYWdlMCISYXM6cGFnZV91c2Fn%0AZXsGOwh7ACIoYXM6ZjRmOGU4ZjU3MmJmZTk0NDdiYmE5ZWRhODc2MjI3MjR7%0ACDsAMDsGewY7CyIGMjsIewY7CSIzSXRlbSBVc2FnZXMgZm9yIFNhdCBKYW4g%0AMTIgMDk6Mzc6NDcgLTA1MDAgMjAwOCIoYXM6NzY4Mzg4ZjBhNDcwMTRmMTlj%0ANjdkOTdhM2MzZjhkMDh7CDsAMDsGewY6D3BhZ2VfdXNhZ2UiBzEzOwh7BjsJ%0AIjdQYWdlIFVzYWdlIEV2ZW50cyBmb3IgIyZsdDtQYWdlVXNhZ2U6MHg0NDQ0%0ANmE4Jmd0OyIaYXM6aW5zdHJ1bWVudF92ZXJzaW9uewY7CHsAIihhczo5M2Zh%0ANjY0MDcyZWJkNDVjNGIyYjdhYzUzOTM3NmFmZnsIOwAwOwZ7BjsNIgY3Owh7%0ABjsJIjdQYWdlIFVzYWdlIEV2ZW50cyBmb3IgIyZsdDtQYWdlVXNhZ2U6MHg0%0ANzQ0ZDgwJmd0OyIMYXM6aXRlbXsGOwh7ACIoYXM6NTc4YTY5ZTBhMzJlZTMx%0AMDUzZTgwMTllMDk4YTBjNjB7CDsGewY7ByIGMTsAMDsIewY7CSI3SW5zdHJ1%0AbWVudCBWZXJzaW9ucyBmb3IgRW5nbGlzaFJ1c3NpYW5GcmVuY2hIZWJyZXci%0ACmZsYXNoSUM6J0FjdGlvbkNvbnRyb2xsZXI6OkZsYXNoOjpGbGFzaEhhc2h7%0AAAY6CkB1c2VkewAiGmFzOmluc3RydW1lbnRfY29udGVudHsGOwh7BiIJcGFn%0AZSIGNSIaYXM6aW5zdHJ1bWVudF9zZXNzaW9uewY7CHsHIglwYWdlIgYxIglz%0Ab3J0WwciEmN1cnJlbnRfZ3JvdXAiCURFU0MiKGFzOmIwYWI5NTlhODc0MDYw%0ANWMxYmRlM2QzNzc4YWQ0NTczewg7ADA7BnsGOw0iBjI7CHsGOwkiN1BhZ2Ug%0AVXNhZ2UgRXZlbnRzIGZvciAjJmx0O1BhZ2VVc2FnZToweDQ1MzA3YzQmZ3Q7--58722b48505d5c976fd357c9d7bb75d7f46600d1
  [4;35;1mSQL (0.003000)[0m   [0mSHOW TABLES[0m
  Parameters: {"parent_column"=>"instrument_versions", "eid"=>"578a69e0a32ee31053e8019e098a0c60", "nested"=>true, "action"=>"table", "id"=>nil, "controller"=>"instrument_version", "parent_model"=>Instrument(instrument_id: integer, instrument_description: text, name: string)}
  [4;36;1mSQL (0.002000)[0m   [0;1mSELECT count(DISTINCT `instrument_versions`.instrument_version_id) AS count_all FROM `instrument_versions` LEFT OUTER JOIN `instrument_contents` ON instrument_contents.instrument_version_id = instrument_versions.instrument_version_id LEFT OUTER JOIN `instrument_sessions` ON instrument_sessions.instrument_version_id = instrument_versions.instrument_version_id LEFT OUTER JOIN `instruments` ON `instruments`.instrument_id = `instrument_versions`.instrument_id WHERE (instrument_versions.instrument_id = '1') [0m
  [4;35;1mInstrumentContent Columns (0.007000)[0m   [0mSHOW FIELDS FROM `instrument_contents`[0m
  [4;36;1mInstrumentSession Columns (0.006000)[0m   [0;1mSHOW FIELDS FROM `instrument_sessions`[0m
  [4;35;1mInstrumentVersion Load IDs For Limited Eager Loading (0.000000)[0m   [0mSELECT instrument_version_id FROM `instrument_versions` WHERE (instrument_versions.instrument_id = '1') ORDER BY instrument_versions.`instrument_version_id` ASC LIMIT 0, 15[0m
  [4;36;1mInstrumentVersion Load Including Associations (0.007000)[0m   [0;1mSELECT `instrument_versions`.`instrument_version_id` AS t0_r0, `instrument_versions`.`loinc_num` AS t0_r1, `instrument_versions`.`creation_time_stamp` AS t0_r2, `instrument_versions`.`name` AS t0_r3, `instrument_versions`.`instrument_version_file_name` AS t0_r4, `instrument_versions`.`instrument_status` AS t0_r5, `instrument_versions`.`has_loinc_code` AS t0_r6, `instrument_versions`.`instrument_notes` AS t0_r7, `instrument_versions`.`instrument_id` AS t0_r8, `instrument_versions`.`instrument_hash_id` AS t0_r9, `instrument_contents`.`instrument_content_id` AS t1_r0, `instrument_contents`.`default_answer` AS t1_r1, `instrument_contents`.`spss_format` AS t1_r2, `instrument_contents`.`concept` AS t1_r3, `instrument_contents`.`sas_informat` AS t1_r4, `instrument_contents`.`is_read_only` AS t1_r5, `instrument_contents`.`sas_format` AS t1_r6, `instrument_contents`.`group_num` AS t1_r7, `instrument_contents`.`item_sequence` AS t1_r8, `instrument_contents`.`item_action_type` AS t1_r9, `instrument_contents`.`is_required` AS t1_r10, `instrument_contents`.`is_message` AS t1_r11, `instrument_contents`.`display_name` AS t1_r12, `instrument_contents`.`format_mask` AS t1_r13, `instrument_contents`.`relevance` AS t1_r14, `instrument_contents`.`item_id` AS t1_r15, `instrument_contents`.`display_type_id` AS t1_r16, `instrument_contents`.`help_id` AS t1_r17, `instrument_contents`.`instrument_version_id` AS t1_r18, `instrument_contents`.`var_name_id` AS t1_r19, `instrument_contents`.`readback_id` AS t1_r20, `instrument_sessions`.`instrument_session_id` AS t2_r0, `instrument_sessions`.`finished` AS t2_r1, `instrument_sessions`.`num_vars` AS t2_r2, `instrument_sessions`.`start_time` AS t2_r3, `instrument_sessions`.`num_groups` AS t2_r4, `instrument_sessions`.`instrument_starting_group` AS t2_r5, `instrument_sessions`.`instrument_session_file_name` AS t2_r6, `instrument_sessions`.`current_var_name` AS t2_r7, `instrument_sessions`.`ip_address` AS t2_r8, `instrument_sessions`.`language_code` AS t2_r9, `instrument_sessions`.`browser` AS t2_r10, `instrument_sessions`.`max_group` AS t2_r11, `instrument_sessions`.`current_group` AS t2_r12, `instrument_sessions`.`display_num` AS t2_r13, `instrument_sessions`.`last_access_time` AS t2_r14, `instrument_sessions`.`status_msg` AS t2_r15, `instrument_sessions`.`max_var_num` AS t2_r16, `instrument_sessions`.`instrument_id` AS t2_r17, `instrument_sessions`.`instrument_version_id` AS t2_r18, `instrument_sessions`.`dialogix_user_id` AS t2_r19, `instrument_sessions`.`action_type_id` AS t2_r20, `instruments`.`instrument_id` AS t3_r0, `instruments`.`instrument_description` AS t3_r1, `instruments`.`name` AS t3_r2 FROM `instrument_versions` LEFT OUTER JOIN `instrument_contents` ON instrument_contents.instrument_version_id = instrument_versions.instrument_version_id LEFT OUTER JOIN `instrument_sessions` ON instrument_sessions.instrument_version_id = instrument_versions.instrument_version_id LEFT OUTER JOIN `instruments` ON `instruments`.instrument_id = `instrument_versions`.instrument_id WHERE (instrument_versions.instrument_id = '1') AND `instrument_versions`.instrument_version_id IN (1, 2) ORDER BY instrument_versions.`instrument_version_id` ASC[0m
Rendering instrument_version/list
Rendered instrument_version/_list_header (0.00500)
Rendered instrument_version/_list_column_headings (0.00800)
Rendered instrument_version/_messages (0.00400)
Rendered instrument_version/_list_actions (0.00500)
Rendered instrument_version/_list_record (0.01700)
Rendered instrument_version/_list_actions (0.00400)
Rendered instrument_version/_list_record (0.01700)
Rendered instrument_version/_list (0.07000)
Completed in 0.14300 (6 reqs/sec) | Rendering: 0.09600 (67%) | DB: 0.03400 (23%) | 200 OK [http://localhost/instrument/nested/1?_method=get&associations=instrument_versions&adapter=_list_inline_adapter]


End of component rendering
Rendered instrument/_nested (0.32800)
Rendering _list_inline_adapter
Rendered core/_messages (0.00300)
Completed in 0.37000 (2 reqs/sec) | Rendering: 0.02500 (6%) | DB: 0.00000 (0%) | 200 OK [http://localhost/instrument/nested/1?_method=get&associations=instrument_versions&adapter=_list_inline_adapter]
